2021-10-10 14:30:52,329 - instabot version: 0.117.0 (bot) - INFO - Instabot version: 0.117.0 Started
2021-10-10 14:30:52,329 - instabot version: 0.117.0 (bot) - DEBUG - Bot imported from /home/tomsmail/.local/lib/python3.9/site-packages/instabot/bot/bot.py
2021-10-10 14:30:52,371 - instabot version: 0.117.0 (api_login) - INFO - Not yet logged in starting: PRE-LOGIN FLOW!
2021-10-10 14:30:52,561 - instabot version: 0.117.0 (api) - DEBUG - POST to endpoint: accounts/get_prefill_candidates/ returned response: <Response [200]>
2021-10-10 14:30:52,752 - instabot version: 0.117.0 (api) - DEBUG - POST to endpoint: qe/sync/ returned response: <Response [429]>
2021-10-10 14:30:52,753 - instabot version: 0.117.0 (api) - DEBUG - Responsecode indicates error; response content: b''
2021-10-10 14:30:52,753 - instabot version: 0.117.0 (api) - ERROR - Request returns 429 error!
2021-10-10 14:30:52,754 - instabot version: 0.117.0 (api) - ERROR - Error checking for `feedback_required`, response text is not JSON
2021-10-10 14:30:52,754 - instabot version: 0.117.0 (api) - INFO - Full Response: <Response [429]>
2021-10-10 14:30:52,754 - instabot version: 0.117.0 (api) - INFO - Response Text: 
2021-10-10 14:30:52,755 - instabot version: 0.117.0 (api) - WARNING - That means 'too many requests'. I'll go to sleep for 5 minutes.
2021-10-10 14:35:53,133 - instabot version: 0.117.0 (api) - DEBUG - POST to endpoint: qe/sync/ returned response: <Response [400]>
2021-10-10 14:35:53,133 - instabot version: 0.117.0 (api) - DEBUG - Responsecode indicates error; response content: b'{"message":"No ID given","status":"fail"}'
2021-10-10 14:35:53,133 - instabot version: 0.117.0 (api) - ERROR - Request returns 400 error!
2021-10-10 14:35:53,133 - instabot version: 0.117.0 (api) - INFO - Instagram's error message: No ID given
2021-10-10 14:35:53,133 - instabot version: 0.117.0 (api) - INFO - Instagram's error message: {}
2021-10-10 14:35:53,326 - instabot version: 0.117.0 (api) - DEBUG - POST to endpoint: launcher/sync/ returned response: <Response [200]>
2021-10-10 14:35:53,535 - instabot version: 0.117.0 (api) - DEBUG - POST to endpoint: accounts/contact_point_prefill/ returned response: <Response [200]>
2021-10-10 14:35:55,175 - instabot version: 0.117.0 (api) - DEBUG - POST to endpoint: accounts/login/ returned response: <Response [200]>
2021-10-10 14:35:55,176 - instabot version: 0.117.0 (api) - INFO - Logged-in successfully as 'tomsmailspythonbot'!
2021-10-10 14:35:55,177 - instabot version: 0.117.0 (api_login) - INFO - LOGIN FLOW! Just logged-in: True
2021-10-10 14:35:55,400 - instabot version: 0.117.0 (api) - DEBUG - POST to endpoint: qe/sync/ returned response: <Response [429]>
2021-10-10 14:35:55,401 - instabot version: 0.117.0 (api) - DEBUG - Responsecode indicates error; response content: b''
2021-10-10 14:35:55,401 - instabot version: 0.117.0 (api) - ERROR - Request returns 429 error!
2021-10-10 14:35:55,402 - instabot version: 0.117.0 (api) - ERROR - Error checking for `feedback_required`, response text is not JSON
2021-10-10 14:35:55,402 - instabot version: 0.117.0 (api) - INFO - Full Response: <Response [429]>
2021-10-10 14:35:55,403 - instabot version: 0.117.0 (api) - INFO - Response Text: 
2021-10-10 14:35:55,403 - instabot version: 0.117.0 (api) - WARNING - That means 'too many requests'. I'll go to sleep for 5 minutes.
2021-10-10 14:40:55,633 - instabot version: 0.117.0 (api) - DEBUG - POST to endpoint: qe/sync/ returned response: <Response [400]>
2021-10-10 14:40:55,633 - instabot version: 0.117.0 (api) - DEBUG - Responsecode indicates error; response content: b'{"message":"Invalid experiment","status":"fail"}'
2021-10-10 14:40:55,634 - instabot version: 0.117.0 (api) - ERROR - Request returns 400 error!
2021-10-10 14:40:55,634 - instabot version: 0.117.0 (api) - INFO - Instagram's error message: Invalid experiment
2021-10-10 14:40:55,635 - instabot version: 0.117.0 (api) - INFO - Instagram's error message: {}
2021-10-10 14:40:55,820 - instabot version: 0.117.0 (api) - DEBUG - POST to endpoint: launcher/sync/ returned response: <Response [429]>
2021-10-10 14:40:55,820 - instabot version: 0.117.0 (api) - DEBUG - Responsecode indicates error; response content: b''
2021-10-10 14:40:55,821 - instabot version: 0.117.0 (api) - ERROR - Request returns 429 error!
2021-10-10 14:40:55,821 - instabot version: 0.117.0 (api) - ERROR - Error checking for `feedback_required`, response text is not JSON
2021-10-10 14:40:55,821 - instabot version: 0.117.0 (api) - INFO - Full Response: <Response [429]>
2021-10-10 14:40:55,822 - instabot version: 0.117.0 (api) - INFO - Response Text: 
2021-10-10 14:40:55,822 - instabot version: 0.117.0 (api) - WARNING - That means 'too many requests'. I'll go to sleep for 5 minutes.
2021-10-10 14:45:56,084 - instabot version: 0.117.0 (api) - DEBUG - POST to endpoint: launcher/sync/ returned response: <Response [429]>
2021-10-10 14:45:56,085 - instabot version: 0.117.0 (api) - DEBUG - Responsecode indicates error; response content: b''
2021-10-10 14:45:56,085 - instabot version: 0.117.0 (api) - ERROR - Request returns 429 error!
2021-10-10 14:45:56,086 - instabot version: 0.117.0 (api) - ERROR - Error checking for `feedback_required`, response text is not JSON
2021-10-10 14:45:56,086 - instabot version: 0.117.0 (api) - INFO - Full Response: <Response [429]>
2021-10-10 14:45:56,086 - instabot version: 0.117.0 (api) - INFO - Response Text: 
2021-10-10 14:45:56,086 - instabot version: 0.117.0 (api) - WARNING - That means 'too many requests'. I'll go to sleep for 10 minutes.
2021-10-10 14:55:56,432 - instabot version: 0.117.0 (api) - DEBUG - POST to endpoint: launcher/sync/ returned response: <Response [400]>
2021-10-10 14:55:56,433 - instabot version: 0.117.0 (api) - DEBUG - Responsecode indicates error; response content: b'{"message":"No configs given","status":"fail"}'
2021-10-10 14:55:56,433 - instabot version: 0.117.0 (api) - ERROR - Request returns 400 error!
2021-10-10 14:55:56,433 - instabot version: 0.117.0 (api) - INFO - Instagram's error message: No configs given
2021-10-10 14:55:56,434 - instabot version: 0.117.0 (api) - INFO - Instagram's error message: {}
2021-10-10 14:55:56,634 - instabot version: 0.117.0 (api) - DEBUG - GET to endpoint: zr/token/result/?device_id=android-07458c657a2b5274&token_hash=&custom_device_id=android-07458c657a2b5274&fetch_reason=token_expired returned response: <Response [200]>
2021-10-10 14:55:56,848 - instabot version: 0.117.0 (api) - DEBUG - GET to endpoint: multiple_accounts/get_account_family/ returned response: <Response [200]>
2021-10-10 14:55:57,134 - instabot version: 0.117.0 (api) - DEBUG - POST to endpoint: qe/sync/ returned response: <Response [200]>
2021-10-10 14:55:57,512 - instabot version: 0.117.0 (api) - DEBUG - GET to endpoint: igtv/browse_feed/?prefetch=1 returned response: <Response [200]>
2021-10-10 14:55:57,752 - instabot version: 0.117.0 (api) - DEBUG - POST to endpoint: creatives/ar_class/ returned response: <Response [200]>
2021-10-10 14:55:58,101 - instabot version: 0.117.0 (api) - DEBUG - POST to endpoint: feed/reels_tray/ returned response: <Response [200]>
2021-10-10 14:55:59,954 - instabot version: 0.117.0 (api) - DEBUG - POST to endpoint: feed/timeline/ returned response: <Response [200]>
2021-10-10 14:56:00,149 - instabot version: 0.117.0 (api) - DEBUG - GET to endpoint: media/blocked/ returned response: <Response [200]>
2021-10-10 14:56:00,836 - instabot version: 0.117.0 (api) - DEBUG - GET to endpoint: news/inbox/ returned response: <Response [200]>
2021-10-10 14:56:01,073 - instabot version: 0.117.0 (api) - DEBUG - GET to endpoint: loom/fetch_config/ returned response: <Response [200]>
2021-10-10 14:56:01,461 - instabot version: 0.117.0 (api) - DEBUG - GET to endpoint: scores/bootstrap/users/?surfaces=["autocomplete_user_list","coefficient_besties_list_ranking","coefficient_rank_recipient_user_suggestion","coefficient_ios_section_test_bootstrap_ranking","coefficient_direct_recipients_ranking_variant_2"] returned response: <Response [200]>
2021-10-10 14:56:01,685 - instabot version: 0.117.0 (api) - DEBUG - GET to endpoint: business/eligibility/get_monetization_products_eligibility_data/?product_types=branded_content returned response: <Response [200]>
2021-10-10 14:56:01,916 - instabot version: 0.117.0 (api) - DEBUG - GET to endpoint: business/branded_content/should_require_professional_account/ returned response: <Response [200]>
2021-10-10 14:56:02,256 - instabot version: 0.117.0 (api) - DEBUG - GET to endpoint: linked_accounts/get_linkage_status/ returned response: <Response [200]>
2021-10-10 14:56:02,484 - instabot version: 0.117.0 (api) - DEBUG - GET to endpoint: locations/request_country/ returned response: <Response [200]>
2021-10-10 14:56:02,664 - instabot version: 0.117.0 (api) - DEBUG - GET to endpoint: qp/get_cooldowns/?signed_body=signed_body=4b9c516a5410a3bc128e09c6104a7f042146b9c2023870560c63a43a7f66781c.4&ig_sig_key_version=4&ig_sig_key_version=4 returned response: <Response [200]>
2021-10-10 14:56:02,840 - instabot version: 0.117.0 (api) - DEBUG - GET to endpoint: users/arlink_download_info/?version_override=2.2.1 returned response: <Response [200]>
2021-10-10 14:56:03,946 - instabot version: 0.117.0 (api) - DEBUG - GET to endpoint: users/48968267266/info/ returned response: <Response [200]>
2021-10-10 14:56:04,309 - instabot version: 0.117.0 (api) - DEBUG - GET to endpoint: direct_v2/get_presence/ returned response: <Response [200]>
2021-10-10 14:56:04,820 - instabot version: 0.117.0 (api) - DEBUG - GET to endpoint: direct_v2/inbox/?visual_message_return_type=unseen&thread_message_limit=10&persistentBadging=true&limit=20 returned response: <Response [200]>
2021-10-10 14:56:05,051 - instabot version: 0.117.0 (api) - DEBUG - GET to endpoint: direct_v2/inbox/?visual_message_return_type=unseen&persistentBadging=true&limit=0 returned response: <Response [200]>
2021-10-10 14:56:06,562 - instabot version: 0.117.0 (api) - DEBUG - GET to endpoint: discover/topical_explore/?is_prefetch=true&omit_cover_media=true&use_sectional_payload=true&timezone_offset=0&session_id=90a7bc3d-f9f3-435a-bece-bb1af4309ac4&include_fixed_destinations=true returned response: <Response [200]>
2021-10-10 14:56:06,788 - instabot version: 0.117.0 (api) - DEBUG - POST to endpoint: notifications/badge/ returned response: <Response [200]>
2021-10-10 14:56:07,237 - instabot version: 0.117.0 (api) - DEBUG - POST to endpoint: qp/batch_fetch/ returned response: <Response [200]>
2021-10-10 14:56:07,240 - instabot version: 0.117.0 (bot_checkpoint) - DEBUG - Loading Checkpoint file from: /home/tomsmail/Documents/0SCHOOL/A-Level/Comp Sci/NEA/Code/config/tomsmailspythonbot.checkpoint
2021-10-10 14:56:07,636 - instabot version: 0.117.0 (api) - DEBUG - GET to endpoint: feed/user/48968267266/?max_id=&min_timestamp=None&rank_token=48968267266_3f06712f-d6fb-4918-9b59-69ad414ad867&ranked_content=true returned response: <Response [200]>
2021-10-10 14:56:08,191 - instabot version: 0.117.0 (api) - DEBUG - GET to endpoint: feed/user/48968267266/?max_id=&min_timestamp=None&rank_token=48968267266_3f06712f-d6fb-4918-9b59-69ad414ad867&ranked_content=true returned response: <Response [200]>
2021-10-10 15:03:39,404 - instabot version: 0.117.0 (api) - DEBUG - GET to endpoint: media/2619165959470345559_48968267266/likers/? returned response: <Response [200]>
2021-10-10 15:03:39,729 - instabot version: 0.117.0 (api) - DEBUG - GET to endpoint: media/2619165959470345559_48968267266/comments/ returned response: <Response [200]>
2021-10-10 15:03:40,047 - instabot version: 0.117.0 (api) - DEBUG - GET to endpoint: feed/user/48968267266/?max_id=&min_timestamp=None&rank_token=48968267266_3f06712f-d6fb-4918-9b59-69ad414ad867&ranked_content=true returned response: <Response [200]>
2021-10-10 15:03:40,382 - instabot version: 0.117.0 (api) - DEBUG - GET to endpoint: media/2619165839655721585_48968267266/likers/? returned response: <Response [200]>
2021-10-10 15:03:40,670 - instabot version: 0.117.0 (api) - DEBUG - GET to endpoint: media/2619165839655721585_48968267266/comments/ returned response: <Response [200]>
2021-10-10 15:03:41,073 - instabot version: 0.117.0 (api) - DEBUG - GET to endpoint: feed/user/48968267266/?max_id=&min_timestamp=None&rank_token=48968267266_3f06712f-d6fb-4918-9b59-69ad414ad867&ranked_content=true returned response: <Response [200]>
2021-10-10 15:03:41,436 - instabot version: 0.117.0 (api) - DEBUG - GET to endpoint: media/2619035903389342654_48968267266/likers/? returned response: <Response [200]>
2021-10-10 15:03:41,885 - instabot version: 0.117.0 (api) - DEBUG - GET to endpoint: media/2619035903389342654_48968267266/comments/ returned response: <Response [200]>
2021-10-10 15:03:42,198 - instabot version: 0.117.0 (api) - DEBUG - GET to endpoint: feed/user/48968267266/?max_id=&min_timestamp=None&rank_token=48968267266_3f06712f-d6fb-4918-9b59-69ad414ad867&ranked_content=true returned response: <Response [200]>
2021-10-10 15:03:42,275 - instabot version: 0.117.0 (bot_checkpoint) - DEBUG - Saving Checkpoint file to: /home/tomsmail/Documents/0SCHOOL/A-Level/Comp Sci/NEA/Code/config/tomsmailspythonbot.checkpoint
2021-10-10 15:03:42,275 - instabot version: 0.117.0 (bot) - INFO - Total requests: 660
