2021-10-17 15:31:34,464 - instabot version: 0.117.0 (bot) - INFO - Instabot version: 0.117.0 Started
2021-10-17 15:31:34,464 - instabot version: 0.117.0 (bot) - DEBUG - Bot imported from /home/tomsmail/.local/lib/python3.9/site-packages/instabot/bot/bot.py
2021-10-17 15:31:34,484 - instabot version: 0.117.0 (api_login) - INFO - Not yet logged in starting: PRE-LOGIN FLOW!
2021-10-17 15:31:34,705 - instabot version: 0.117.0 (api) - DEBUG - POST to endpoint: accounts/get_prefill_candidates/ returned response: <Response [200]>
2021-10-17 15:31:34,877 - instabot version: 0.117.0 (api) - DEBUG - POST to endpoint: qe/sync/ returned response: <Response [200]>
2021-10-17 15:31:35,067 - instabot version: 0.117.0 (api) - DEBUG - POST to endpoint: launcher/sync/ returned response: <Response [200]>
2021-10-17 15:31:35,267 - instabot version: 0.117.0 (api) - DEBUG - POST to endpoint: accounts/contact_point_prefill/ returned response: <Response [200]>
2021-10-17 15:31:36,632 - instabot version: 0.117.0 (api) - DEBUG - POST to endpoint: accounts/login/ returned response: <Response [200]>
2021-10-17 15:31:36,632 - instabot version: 0.117.0 (api) - INFO - Logged-in successfully as 'tomsmailspythonbot'!
2021-10-17 15:31:36,632 - instabot version: 0.117.0 (api_login) - INFO - LOGIN FLOW! Just logged-in: True
2021-10-17 15:31:36,824 - instabot version: 0.117.0 (api) - DEBUG - POST to endpoint: qe/sync/ returned response: <Response [200]>
2021-10-17 15:31:37,011 - instabot version: 0.117.0 (api) - DEBUG - POST to endpoint: launcher/sync/ returned response: <Response [200]>
2021-10-17 15:31:37,177 - instabot version: 0.117.0 (api) - DEBUG - GET to endpoint: zr/token/result/?device_id=android-07458c657a2b5274&token_hash=&custom_device_id=android-07458c657a2b5274&fetch_reason=token_expired returned response: <Response [200]>
2021-10-17 15:31:37,344 - instabot version: 0.117.0 (api) - DEBUG - GET to endpoint: multiple_accounts/get_account_family/ returned response: <Response [200]>
2021-10-17 15:31:37,554 - instabot version: 0.117.0 (api) - DEBUG - POST to endpoint: qe/sync/ returned response: <Response [200]>
2021-10-17 15:31:37,922 - instabot version: 0.117.0 (api) - DEBUG - GET to endpoint: igtv/browse_feed/?prefetch=1 returned response: <Response [200]>
2021-10-17 15:31:38,104 - instabot version: 0.117.0 (api) - DEBUG - POST to endpoint: creatives/ar_class/ returned response: <Response [200]>
2021-10-17 15:31:38,433 - instabot version: 0.117.0 (api) - DEBUG - POST to endpoint: feed/reels_tray/ returned response: <Response [200]>
2021-10-17 15:31:40,399 - instabot version: 0.117.0 (api) - DEBUG - POST to endpoint: feed/timeline/ returned response: <Response [200]>
2021-10-17 15:31:40,612 - instabot version: 0.117.0 (api) - DEBUG - GET to endpoint: media/blocked/ returned response: <Response [200]>
2021-10-17 15:31:41,622 - instabot version: 0.117.0 (api) - DEBUG - GET to endpoint: news/inbox/ returned response: <Response [200]>
2021-10-17 15:31:41,880 - instabot version: 0.117.0 (api) - DEBUG - GET to endpoint: loom/fetch_config/ returned response: <Response [200]>
2021-10-17 15:31:42,151 - instabot version: 0.117.0 (api) - DEBUG - GET to endpoint: scores/bootstrap/users/?surfaces=["autocomplete_user_list","coefficient_besties_list_ranking","coefficient_rank_recipient_user_suggestion","coefficient_ios_section_test_bootstrap_ranking","coefficient_direct_recipients_ranking_variant_2"] returned response: <Response [200]>
2021-10-17 15:31:42,352 - instabot version: 0.117.0 (api) - DEBUG - GET to endpoint: business/eligibility/get_monetization_products_eligibility_data/?product_types=branded_content returned response: <Response [200]>
2021-10-17 15:31:42,546 - instabot version: 0.117.0 (api) - DEBUG - GET to endpoint: business/branded_content/should_require_professional_account/ returned response: <Response [200]>
2021-10-17 15:31:43,083 - instabot version: 0.117.0 (api) - DEBUG - GET to endpoint: linked_accounts/get_linkage_status/ returned response: <Response [200]>
2021-10-17 15:31:43,267 - instabot version: 0.117.0 (api) - DEBUG - GET to endpoint: locations/request_country/ returned response: <Response [200]>
2021-10-17 15:31:43,466 - instabot version: 0.117.0 (api) - DEBUG - GET to endpoint: qp/get_cooldowns/?signed_body=signed_body=4b9c516a5410a3bc128e09c6104a7f042146b9c2023870560c63a43a7f66781c.4&ig_sig_key_version=4&ig_sig_key_version=4 returned response: <Response [200]>
2021-10-17 15:31:43,678 - instabot version: 0.117.0 (api) - DEBUG - GET to endpoint: users/arlink_download_info/?version_override=2.2.1 returned response: <Response [200]>
2021-10-17 15:31:44,530 - instabot version: 0.117.0 (api) - DEBUG - GET to endpoint: users/48968267266/info/ returned response: <Response [200]>
2021-10-17 15:31:44,990 - instabot version: 0.117.0 (api) - DEBUG - GET to endpoint: direct_v2/get_presence/ returned response: <Response [200]>
2021-10-17 15:31:45,390 - instabot version: 0.117.0 (api) - DEBUG - GET to endpoint: direct_v2/inbox/?visual_message_return_type=unseen&thread_message_limit=10&persistentBadging=true&limit=20 returned response: <Response [200]>
2021-10-17 15:31:45,656 - instabot version: 0.117.0 (api) - DEBUG - GET to endpoint: direct_v2/inbox/?visual_message_return_type=unseen&persistentBadging=true&limit=0 returned response: <Response [200]>
2021-10-17 15:31:46,185 - instabot version: 0.117.0 (api) - DEBUG - GET to endpoint: discover/topical_explore/?is_prefetch=true&omit_cover_media=true&use_sectional_payload=true&timezone_offset=0&session_id=98c63fce-4a28-4f22-999a-ec826c08c2e9&include_fixed_destinations=true returned response: <Response [200]>
2021-10-17 15:31:46,442 - instabot version: 0.117.0 (api) - DEBUG - POST to endpoint: notifications/badge/ returned response: <Response [200]>
2021-10-17 15:31:46,961 - instabot version: 0.117.0 (api) - DEBUG - POST to endpoint: qp/batch_fetch/ returned response: <Response [200]>
2021-10-17 15:31:46,962 - instabot version: 0.117.0 (bot_checkpoint) - DEBUG - Loading Checkpoint file from: /home/tomsmail/Documents/0SCHOOL/A-Level/Comp Sci/NEA/Code/config/tomsmailspythonbot.checkpoint
2021-10-17 15:31:47,350 - instabot version: 0.117.0 (api) - DEBUG - GET to endpoint: feed/user/48968267266/?max_id=&min_timestamp=None&rank_token=48968267266_2b8ef68c-68f9-4145-8ff1-307e9380a516&ranked_content=true returned response: <Response [200]>
2021-10-17 15:31:55,916 - instabot version: 0.117.0 (api) - DEBUG - GET to endpoint: media/2686525432363087784_48968267266/likers/? returned response: <Response [200]>
2021-10-17 15:31:56,220 - instabot version: 0.117.0 (api) - DEBUG - GET to endpoint: media/2686525432363087784_48968267266/comments/ returned response: <Response [200]>
2021-10-17 15:31:56,573 - instabot version: 0.117.0 (api) - DEBUG - GET to endpoint: feed/user/48968267266/?max_id=&min_timestamp=None&rank_token=48968267266_2b8ef68c-68f9-4145-8ff1-307e9380a516&ranked_content=true returned response: <Response [200]>
2021-10-17 15:31:57,034 - instabot version: 0.117.0 (api) - DEBUG - GET to endpoint: media/2681517545006016836_48968267266/likers/? returned response: <Response [200]>
2021-10-17 15:31:57,450 - instabot version: 0.117.0 (api) - DEBUG - GET to endpoint: media/2681517545006016836_48968267266/comments/ returned response: <Response [200]>
2021-10-17 15:31:57,943 - instabot version: 0.117.0 (api) - DEBUG - GET to endpoint: feed/user/48968267266/?max_id=&min_timestamp=None&rank_token=48968267266_2b8ef68c-68f9-4145-8ff1-307e9380a516&ranked_content=true returned response: <Response [200]>
2021-10-17 15:31:58,415 - instabot version: 0.117.0 (api) - DEBUG - GET to endpoint: media/2619165959470345559_48968267266/likers/? returned response: <Response [200]>
2021-10-17 15:31:58,730 - instabot version: 0.117.0 (api) - DEBUG - GET to endpoint: media/2619165959470345559_48968267266/comments/ returned response: <Response [200]>
2021-10-17 15:31:59,065 - instabot version: 0.117.0 (api) - DEBUG - GET to endpoint: feed/user/48968267266/?max_id=&min_timestamp=None&rank_token=48968267266_2b8ef68c-68f9-4145-8ff1-307e9380a516&ranked_content=true returned response: <Response [200]>
2021-10-17 15:31:59,425 - instabot version: 0.117.0 (api) - DEBUG - GET to endpoint: media/2619165839655721585_48968267266/likers/? returned response: <Response [200]>
2021-10-17 15:31:59,710 - instabot version: 0.117.0 (api) - DEBUG - GET to endpoint: media/2619165839655721585_48968267266/comments/ returned response: <Response [200]>
2021-10-17 15:32:00,028 - instabot version: 0.117.0 (api) - DEBUG - GET to endpoint: feed/user/48968267266/?max_id=&min_timestamp=None&rank_token=48968267266_2b8ef68c-68f9-4145-8ff1-307e9380a516&ranked_content=true returned response: <Response [200]>
2021-10-17 15:32:00,385 - instabot version: 0.117.0 (api) - DEBUG - GET to endpoint: media/2619035903389342654_48968267266/likers/? returned response: <Response [200]>
2021-10-17 15:32:00,647 - instabot version: 0.117.0 (api) - DEBUG - GET to endpoint: media/2619035903389342654_48968267266/comments/ returned response: <Response [200]>
2021-10-17 15:32:01,022 - instabot version: 0.117.0 (api) - DEBUG - GET to endpoint: feed/user/48968267266/?max_id=&min_timestamp=None&rank_token=48968267266_2b8ef68c-68f9-4145-8ff1-307e9380a516&ranked_content=true returned response: <Response [200]>
2021-10-17 15:32:01,840 - instabot version: 0.117.0 (bot_checkpoint) - DEBUG - Saving Checkpoint file to: /home/tomsmail/Documents/0SCHOOL/A-Level/Comp Sci/NEA/Code/config/tomsmailspythonbot.checkpoint
2021-10-17 15:32:01,840 - instabot version: 0.117.0 (bot) - INFO - Total requests: 863
