2021-10-10 20:24:37,794 - instabot version: 0.117.0 (bot) - INFO - Instabot version: 0.117.0 Started
2021-10-10 20:24:37,794 - instabot version: 0.117.0 (bot) - DEBUG - Bot imported from /home/tomsmail/.local/lib/python3.9/site-packages/instabot/bot/bot.py
2021-10-10 20:24:37,837 - instabot version: 0.117.0 (api_login) - INFO - Not yet logged in starting: PRE-LOGIN FLOW!
2021-10-10 20:24:38,061 - instabot version: 0.117.0 (api) - DEBUG - POST to endpoint: accounts/get_prefill_candidates/ returned response: <Response [200]>
2021-10-10 20:24:38,273 - instabot version: 0.117.0 (api) - DEBUG - POST to endpoint: qe/sync/ returned response: <Response [200]>
2021-10-10 20:24:38,501 - instabot version: 0.117.0 (api) - DEBUG - POST to endpoint: launcher/sync/ returned response: <Response [200]>
2021-10-10 20:24:38,689 - instabot version: 0.117.0 (api) - DEBUG - POST to endpoint: accounts/contact_point_prefill/ returned response: <Response [200]>
2021-10-10 20:24:40,423 - instabot version: 0.117.0 (api) - DEBUG - POST to endpoint: accounts/login/ returned response: <Response [200]>
2021-10-10 20:24:40,423 - instabot version: 0.117.0 (api) - INFO - Logged-in successfully as 'tomsmailspythonbot'!
2021-10-10 20:24:40,423 - instabot version: 0.117.0 (api_login) - INFO - LOGIN FLOW! Just logged-in: True
2021-10-10 20:24:40,618 - instabot version: 0.117.0 (api) - DEBUG - POST to endpoint: qe/sync/ returned response: <Response [200]>
2021-10-10 20:24:40,799 - instabot version: 0.117.0 (api) - DEBUG - POST to endpoint: launcher/sync/ returned response: <Response [200]>
2021-10-10 20:24:41,004 - instabot version: 0.117.0 (api) - DEBUG - GET to endpoint: zr/token/result/?device_id=android-07458c657a2b5274&token_hash=&custom_device_id=android-07458c657a2b5274&fetch_reason=token_expired returned response: <Response [200]>
2021-10-10 20:24:41,176 - instabot version: 0.117.0 (api) - DEBUG - GET to endpoint: multiple_accounts/get_account_family/ returned response: <Response [200]>
2021-10-10 20:24:41,369 - instabot version: 0.117.0 (api) - DEBUG - POST to endpoint: qe/sync/ returned response: <Response [200]>
2021-10-10 20:24:41,715 - instabot version: 0.117.0 (api) - DEBUG - GET to endpoint: igtv/browse_feed/?prefetch=1 returned response: <Response [200]>
2021-10-10 20:24:41,960 - instabot version: 0.117.0 (api) - DEBUG - POST to endpoint: creatives/ar_class/ returned response: <Response [200]>
2021-10-10 20:24:42,262 - instabot version: 0.117.0 (api) - DEBUG - POST to endpoint: feed/reels_tray/ returned response: <Response [200]>
2021-10-10 20:24:43,459 - instabot version: 0.117.0 (api) - DEBUG - POST to endpoint: feed/timeline/ returned response: <Response [200]>
2021-10-10 20:24:43,633 - instabot version: 0.117.0 (api) - DEBUG - GET to endpoint: media/blocked/ returned response: <Response [200]>
2021-10-10 20:24:44,264 - instabot version: 0.117.0 (api) - DEBUG - GET to endpoint: news/inbox/ returned response: <Response [200]>
2021-10-10 20:24:44,460 - instabot version: 0.117.0 (api) - DEBUG - GET to endpoint: loom/fetch_config/ returned response: <Response [200]>
2021-10-10 20:24:44,764 - instabot version: 0.117.0 (api) - DEBUG - GET to endpoint: scores/bootstrap/users/?surfaces=["autocomplete_user_list","coefficient_besties_list_ranking","coefficient_rank_recipient_user_suggestion","coefficient_ios_section_test_bootstrap_ranking","coefficient_direct_recipients_ranking_variant_2"] returned response: <Response [200]>
2021-10-10 20:24:45,000 - instabot version: 0.117.0 (api) - DEBUG - GET to endpoint: business/eligibility/get_monetization_products_eligibility_data/?product_types=branded_content returned response: <Response [200]>
2021-10-10 20:24:45,198 - instabot version: 0.117.0 (api) - DEBUG - GET to endpoint: business/branded_content/should_require_professional_account/ returned response: <Response [200]>
2021-10-10 20:24:45,742 - instabot version: 0.117.0 (api) - DEBUG - GET to endpoint: linked_accounts/get_linkage_status/ returned response: <Response [200]>
2021-10-10 20:24:45,943 - instabot version: 0.117.0 (api) - DEBUG - GET to endpoint: locations/request_country/ returned response: <Response [200]>
2021-10-10 20:24:46,145 - instabot version: 0.117.0 (api) - DEBUG - GET to endpoint: qp/get_cooldowns/?signed_body=signed_body=4b9c516a5410a3bc128e09c6104a7f042146b9c2023870560c63a43a7f66781c.4&ig_sig_key_version=4&ig_sig_key_version=4 returned response: <Response [200]>
2021-10-10 20:24:46,340 - instabot version: 0.117.0 (api) - DEBUG - GET to endpoint: users/arlink_download_info/?version_override=2.2.1 returned response: <Response [200]>
2021-10-10 20:24:47,039 - instabot version: 0.117.0 (api) - DEBUG - GET to endpoint: users/48968267266/info/ returned response: <Response [200]>
2021-10-10 20:24:47,401 - instabot version: 0.117.0 (api) - DEBUG - GET to endpoint: direct_v2/get_presence/ returned response: <Response [200]>
2021-10-10 20:24:47,699 - instabot version: 0.117.0 (api) - DEBUG - GET to endpoint: direct_v2/inbox/?visual_message_return_type=unseen&thread_message_limit=10&persistentBadging=true&limit=20 returned response: <Response [200]>
2021-10-10 20:24:48,197 - instabot version: 0.117.0 (api) - DEBUG - GET to endpoint: direct_v2/inbox/?visual_message_return_type=unseen&persistentBadging=true&limit=0 returned response: <Response [200]>
2021-10-10 20:24:48,446 - instabot version: 0.117.0 (api) - DEBUG - GET to endpoint: discover/topical_explore/?is_prefetch=true&omit_cover_media=true&use_sectional_payload=true&timezone_offset=0&session_id=fcd2c6ba-f41c-4b21-ab31-98af474cd0a2&include_fixed_destinations=true returned response: <Response [200]>
2021-10-10 20:24:48,666 - instabot version: 0.117.0 (api) - DEBUG - POST to endpoint: notifications/badge/ returned response: <Response [200]>
2021-10-10 20:24:49,054 - instabot version: 0.117.0 (api) - DEBUG - POST to endpoint: qp/batch_fetch/ returned response: <Response [200]>
2021-10-10 20:24:49,055 - instabot version: 0.117.0 (bot_checkpoint) - DEBUG - Loading Checkpoint file from: /home/tomsmail/Documents/0SCHOOL/A-Level/Comp Sci/NEA/Code/config/tomsmailspythonbot.checkpoint
2021-10-10 20:24:49,393 - instabot version: 0.117.0 (api) - DEBUG - GET to endpoint: feed/user/48968267266/?max_id=&min_timestamp=None&rank_token=48968267266_ec6ac362-cf89-43fd-8c92-acabee21eafe&ranked_content=true returned response: <Response [200]>
2021-10-10 20:24:53,029 - instabot version: 0.117.0 (api) - DEBUG - GET to endpoint: media/2681517545006016836_48968267266/likers/? returned response: <Response [200]>
2021-10-10 20:24:53,352 - instabot version: 0.117.0 (api) - DEBUG - GET to endpoint: media/2681517545006016836_48968267266/comments/ returned response: <Response [200]>
2021-10-10 20:24:53,665 - instabot version: 0.117.0 (api) - DEBUG - GET to endpoint: feed/user/48968267266/?max_id=&min_timestamp=None&rank_token=48968267266_ec6ac362-cf89-43fd-8c92-acabee21eafe&ranked_content=true returned response: <Response [200]>
2021-10-10 20:24:54,288 - instabot version: 0.117.0 (api) - DEBUG - GET to endpoint: media/2619165959470345559_48968267266/likers/? returned response: <Response [200]>
2021-10-10 20:24:54,691 - instabot version: 0.117.0 (api) - DEBUG - GET to endpoint: media/2619165959470345559_48968267266/comments/ returned response: <Response [200]>
2021-10-10 20:24:54,998 - instabot version: 0.117.0 (api) - DEBUG - GET to endpoint: feed/user/48968267266/?max_id=&min_timestamp=None&rank_token=48968267266_ec6ac362-cf89-43fd-8c92-acabee21eafe&ranked_content=true returned response: <Response [200]>
2021-10-10 20:24:55,334 - instabot version: 0.117.0 (api) - DEBUG - GET to endpoint: media/2619165839655721585_48968267266/likers/? returned response: <Response [200]>
2021-10-10 20:24:55,621 - instabot version: 0.117.0 (api) - DEBUG - GET to endpoint: media/2619165839655721585_48968267266/comments/ returned response: <Response [200]>
2021-10-10 20:24:55,972 - instabot version: 0.117.0 (api) - DEBUG - GET to endpoint: feed/user/48968267266/?max_id=&min_timestamp=None&rank_token=48968267266_ec6ac362-cf89-43fd-8c92-acabee21eafe&ranked_content=true returned response: <Response [200]>
2021-10-10 20:24:56,279 - instabot version: 0.117.0 (api) - DEBUG - GET to endpoint: media/2619035903389342654_48968267266/likers/? returned response: <Response [200]>
2021-10-10 20:24:56,501 - instabot version: 0.117.0 (api) - DEBUG - GET to endpoint: media/2619035903389342654_48968267266/comments/ returned response: <Response [200]>
2021-10-10 20:24:56,821 - instabot version: 0.117.0 (api) - DEBUG - GET to endpoint: feed/user/48968267266/?max_id=&min_timestamp=None&rank_token=48968267266_ec6ac362-cf89-43fd-8c92-acabee21eafe&ranked_content=true returned response: <Response [200]>
