2021-08-26 15:20:53,076 - instabot version: 0.117.0 (bot) - INFO - Instabot version: 0.117.0 Started
2021-08-26 15:20:53,077 - instabot version: 0.117.0 (bot) - DEBUG - Bot imported from /home/tomsmail/.local/lib/python3.9/site-packages/instabot/bot/bot.py
2021-08-26 15:20:53,096 - instabot version: 0.117.0 (api_login) - INFO - Not yet logged in starting: PRE-LOGIN FLOW!
2021-08-26 15:20:53,292 - instabot version: 0.117.0 (api) - DEBUG - POST to endpoint: accounts/get_prefill_candidates/ returned response: <Response [200]>
2021-08-26 15:20:53,478 - instabot version: 0.117.0 (api) - DEBUG - POST to endpoint: qe/sync/ returned response: <Response [200]>
2021-08-26 15:20:53,674 - instabot version: 0.117.0 (api) - DEBUG - POST to endpoint: launcher/sync/ returned response: <Response [200]>
2021-08-26 15:20:53,847 - instabot version: 0.117.0 (api) - DEBUG - POST to endpoint: accounts/contact_point_prefill/ returned response: <Response [200]>
2021-08-26 15:20:55,146 - instabot version: 0.117.0 (api) - DEBUG - POST to endpoint: accounts/login/ returned response: <Response [200]>
2021-08-26 15:20:55,147 - instabot version: 0.117.0 (api) - INFO - Logged-in successfully as 'tomsmailspythonbot'!
2021-08-26 15:20:55,147 - instabot version: 0.117.0 (api_login) - INFO - LOGIN FLOW! Just logged-in: True
2021-08-26 15:20:55,338 - instabot version: 0.117.0 (api) - DEBUG - POST to endpoint: qe/sync/ returned response: <Response [200]>
2021-08-26 15:20:55,580 - instabot version: 0.117.0 (api) - DEBUG - POST to endpoint: launcher/sync/ returned response: <Response [200]>
2021-08-26 15:20:55,845 - instabot version: 0.117.0 (api) - DEBUG - GET to endpoint: zr/token/result/?device_id=android-07458c657a2b5274&token_hash=&custom_device_id=android-07458c657a2b5274&fetch_reason=token_expired returned response: <Response [200]>
2021-08-26 15:20:56,095 - instabot version: 0.117.0 (api) - DEBUG - GET to endpoint: multiple_accounts/get_account_family/ returned response: <Response [200]>
2021-08-26 15:20:56,303 - instabot version: 0.117.0 (api) - DEBUG - POST to endpoint: qe/sync/ returned response: <Response [200]>
2021-08-26 15:20:56,813 - instabot version: 0.117.0 (api) - DEBUG - GET to endpoint: igtv/browse_feed/?prefetch=1 returned response: <Response [200]>
2021-08-26 15:20:56,996 - instabot version: 0.117.0 (api) - DEBUG - POST to endpoint: creatives/ar_class/ returned response: <Response [200]>
2021-08-26 15:20:57,309 - instabot version: 0.117.0 (api) - DEBUG - POST to endpoint: feed/reels_tray/ returned response: <Response [200]>
2021-08-26 15:20:58,464 - instabot version: 0.117.0 (api) - DEBUG - POST to endpoint: feed/timeline/ returned response: <Response [200]>
2021-08-26 15:20:58,673 - instabot version: 0.117.0 (api) - DEBUG - GET to endpoint: media/blocked/ returned response: <Response [200]>
2021-08-26 15:20:59,558 - instabot version: 0.117.0 (api) - DEBUG - GET to endpoint: news/inbox/ returned response: <Response [200]>
2021-08-26 15:20:59,756 - instabot version: 0.117.0 (api) - DEBUG - GET to endpoint: loom/fetch_config/ returned response: <Response [200]>
2021-08-26 15:21:00,178 - instabot version: 0.117.0 (api) - DEBUG - GET to endpoint: scores/bootstrap/users/?surfaces=["autocomplete_user_list","coefficient_besties_list_ranking","coefficient_rank_recipient_user_suggestion","coefficient_ios_section_test_bootstrap_ranking","coefficient_direct_recipients_ranking_variant_2"] returned response: <Response [200]>
2021-08-26 15:21:00,402 - instabot version: 0.117.0 (api) - DEBUG - GET to endpoint: business/eligibility/get_monetization_products_eligibility_data/?product_types=branded_content returned response: <Response [200]>
2021-08-26 15:21:00,607 - instabot version: 0.117.0 (api) - DEBUG - GET to endpoint: business/branded_content/should_require_professional_account/ returned response: <Response [200]>
2021-08-26 15:21:01,058 - instabot version: 0.117.0 (api) - DEBUG - GET to endpoint: linked_accounts/get_linkage_status/ returned response: <Response [200]>
2021-08-26 15:21:01,240 - instabot version: 0.117.0 (api) - DEBUG - GET to endpoint: locations/request_country/ returned response: <Response [200]>
2021-08-26 15:21:01,436 - instabot version: 0.117.0 (api) - DEBUG - GET to endpoint: qp/get_cooldowns/?signed_body=signed_body=4b9c516a5410a3bc128e09c6104a7f042146b9c2023870560c63a43a7f66781c.4&ig_sig_key_version=4&ig_sig_key_version=4 returned response: <Response [200]>
2021-08-26 15:21:01,646 - instabot version: 0.117.0 (api) - DEBUG - GET to endpoint: users/arlink_download_info/?version_override=2.2.1 returned response: <Response [200]>
2021-08-26 15:21:03,393 - instabot version: 0.117.0 (api) - DEBUG - GET to endpoint: users/48968267266/info/ returned response: <Response [200]>
2021-08-26 15:21:03,812 - instabot version: 0.117.0 (api) - DEBUG - GET to endpoint: direct_v2/get_presence/ returned response: <Response [200]>
2021-08-26 15:21:04,173 - instabot version: 0.117.0 (api) - DEBUG - GET to endpoint: direct_v2/inbox/?visual_message_return_type=unseen&thread_message_limit=10&persistentBadging=true&limit=20 returned response: <Response [200]>
2021-08-26 15:21:04,378 - instabot version: 0.117.0 (api) - DEBUG - GET to endpoint: direct_v2/inbox/?visual_message_return_type=unseen&persistentBadging=true&limit=0 returned response: <Response [200]>
2021-08-26 15:21:04,629 - instabot version: 0.117.0 (api) - DEBUG - GET to endpoint: discover/topical_explore/?is_prefetch=true&omit_cover_media=true&use_sectional_payload=true&timezone_offset=0&session_id=17dbc7c7-7baa-400b-b283-4a76d956b5eb&include_fixed_destinations=true returned response: <Response [200]>
2021-08-26 15:21:04,811 - instabot version: 0.117.0 (api) - DEBUG - POST to endpoint: notifications/badge/ returned response: <Response [200]>
2021-08-26 15:21:05,327 - instabot version: 0.117.0 (api) - DEBUG - POST to endpoint: qp/batch_fetch/ returned response: <Response [200]>
2021-08-26 15:21:05,328 - instabot version: 0.117.0 (bot_checkpoint) - DEBUG - Loading Checkpoint file from: /home/tomsmail/Documents/0SCHOOL/A-Level/Comp Sci/NEA/Code/config/tomsmailspythonbot.checkpoint
2021-08-26 15:21:05,680 - instabot version: 0.117.0 (api) - DEBUG - GET to endpoint: feed/user/48968267266/?max_id=&min_timestamp=None&rank_token=48968267266_28547168-8b5b-425e-8d24-33ae545cdcea&ranked_content=true returned response: <Response [200]>
2021-08-26 15:21:11,611 - instabot version: 0.117.0 (api) - DEBUG - GET to endpoint: media/2619166064537682172_48968267266/likers/? returned response: <Response [200]>
2021-08-26 15:21:11,859 - instabot version: 0.117.0 (api) - DEBUG - GET to endpoint: media/2619166064537682172_48968267266/comments/ returned response: <Response [200]>
2021-08-26 15:21:12,167 - instabot version: 0.117.0 (api) - DEBUG - GET to endpoint: media/2619165959470345559_48968267266/likers/? returned response: <Response [200]>
2021-08-26 15:21:12,418 - instabot version: 0.117.0 (api) - DEBUG - GET to endpoint: media/2619165959470345559_48968267266/comments/ returned response: <Response [200]>
2021-08-26 15:21:12,433 - instabot version: 0.117.0 (bot_checkpoint) - DEBUG - Saving Checkpoint file to: /home/tomsmail/Documents/0SCHOOL/A-Level/Comp Sci/NEA/Code/config/tomsmailspythonbot.checkpoint
2021-08-26 15:21:12,433 - instabot version: 0.117.0 (bot) - INFO - Total requests: 218
