2021-10-17 15:03:31,933 - instabot version: 0.117.0 (bot) - INFO - Instabot version: 0.117.0 Started
2021-10-17 15:03:31,933 - instabot version: 0.117.0 (bot) - DEBUG - Bot imported from /home/tomsmail/.local/lib/python3.9/site-packages/instabot/bot/bot.py
2021-10-17 15:03:31,955 - instabot version: 0.117.0 (api_login) - INFO - Not yet logged in starting: PRE-LOGIN FLOW!
2021-10-17 15:03:32,149 - instabot version: 0.117.0 (api) - DEBUG - POST to endpoint: accounts/get_prefill_candidates/ returned response: <Response [200]>
2021-10-17 15:03:32,322 - instabot version: 0.117.0 (api) - DEBUG - POST to endpoint: qe/sync/ returned response: <Response [200]>
2021-10-17 15:03:32,521 - instabot version: 0.117.0 (api) - DEBUG - POST to endpoint: launcher/sync/ returned response: <Response [200]>
2021-10-17 15:03:32,715 - instabot version: 0.117.0 (api) - DEBUG - POST to endpoint: accounts/contact_point_prefill/ returned response: <Response [200]>
2021-10-17 15:03:34,335 - instabot version: 0.117.0 (api) - DEBUG - POST to endpoint: accounts/login/ returned response: <Response [200]>
2021-10-17 15:03:34,335 - instabot version: 0.117.0 (api) - INFO - Logged-in successfully as 'tomsmailspythonbot'!
2021-10-17 15:03:34,335 - instabot version: 0.117.0 (api_login) - INFO - LOGIN FLOW! Just logged-in: True
2021-10-17 15:03:34,536 - instabot version: 0.117.0 (api) - DEBUG - POST to endpoint: qe/sync/ returned response: <Response [200]>
2021-10-17 15:03:34,738 - instabot version: 0.117.0 (api) - DEBUG - POST to endpoint: launcher/sync/ returned response: <Response [200]>
2021-10-17 15:03:34,911 - instabot version: 0.117.0 (api) - DEBUG - GET to endpoint: zr/token/result/?device_id=android-07458c657a2b5274&token_hash=&custom_device_id=android-07458c657a2b5274&fetch_reason=token_expired returned response: <Response [200]>
2021-10-17 15:03:35,086 - instabot version: 0.117.0 (api) - DEBUG - GET to endpoint: multiple_accounts/get_account_family/ returned response: <Response [200]>
2021-10-17 15:03:35,286 - instabot version: 0.117.0 (api) - DEBUG - POST to endpoint: qe/sync/ returned response: <Response [200]>
2021-10-17 15:03:35,619 - instabot version: 0.117.0 (api) - DEBUG - GET to endpoint: igtv/browse_feed/?prefetch=1 returned response: <Response [200]>
2021-10-17 15:03:35,845 - instabot version: 0.117.0 (api) - DEBUG - POST to endpoint: creatives/ar_class/ returned response: <Response [200]>
2021-10-17 15:03:36,276 - instabot version: 0.117.0 (api) - DEBUG - POST to endpoint: feed/reels_tray/ returned response: <Response [200]>
2021-10-17 15:03:38,304 - instabot version: 0.117.0 (api) - DEBUG - POST to endpoint: feed/timeline/ returned response: <Response [200]>
2021-10-17 15:03:38,488 - instabot version: 0.117.0 (api) - DEBUG - GET to endpoint: media/blocked/ returned response: <Response [200]>
2021-10-17 15:03:39,590 - instabot version: 0.117.0 (api) - DEBUG - GET to endpoint: news/inbox/ returned response: <Response [200]>
2021-10-17 15:03:39,815 - instabot version: 0.117.0 (api) - DEBUG - GET to endpoint: loom/fetch_config/ returned response: <Response [200]>
2021-10-17 15:03:40,126 - instabot version: 0.117.0 (api) - DEBUG - GET to endpoint: scores/bootstrap/users/?surfaces=["autocomplete_user_list","coefficient_besties_list_ranking","coefficient_rank_recipient_user_suggestion","coefficient_ios_section_test_bootstrap_ranking","coefficient_direct_recipients_ranking_variant_2"] returned response: <Response [200]>
2021-10-17 15:03:40,338 - instabot version: 0.117.0 (api) - DEBUG - GET to endpoint: business/eligibility/get_monetization_products_eligibility_data/?product_types=branded_content returned response: <Response [200]>
2021-10-17 15:03:40,513 - instabot version: 0.117.0 (api) - DEBUG - GET to endpoint: business/branded_content/should_require_professional_account/ returned response: <Response [200]>
2021-10-17 15:03:40,808 - instabot version: 0.117.0 (api) - DEBUG - GET to endpoint: linked_accounts/get_linkage_status/ returned response: <Response [200]>
2021-10-17 15:03:41,013 - instabot version: 0.117.0 (api) - DEBUG - GET to endpoint: locations/request_country/ returned response: <Response [200]>
2021-10-17 15:03:41,211 - instabot version: 0.117.0 (api) - DEBUG - GET to endpoint: qp/get_cooldowns/?signed_body=signed_body=4b9c516a5410a3bc128e09c6104a7f042146b9c2023870560c63a43a7f66781c.4&ig_sig_key_version=4&ig_sig_key_version=4 returned response: <Response [200]>
2021-10-17 15:03:41,419 - instabot version: 0.117.0 (api) - DEBUG - GET to endpoint: users/arlink_download_info/?version_override=2.2.1 returned response: <Response [200]>
2021-10-17 15:03:42,154 - instabot version: 0.117.0 (api) - DEBUG - GET to endpoint: users/48968267266/info/ returned response: <Response [200]>
2021-10-17 15:03:42,553 - instabot version: 0.117.0 (api) - DEBUG - GET to endpoint: direct_v2/get_presence/ returned response: <Response [200]>
2021-10-17 15:03:42,887 - instabot version: 0.117.0 (api) - DEBUG - GET to endpoint: direct_v2/inbox/?visual_message_return_type=unseen&thread_message_limit=10&persistentBadging=true&limit=20 returned response: <Response [200]>
2021-10-17 15:03:43,140 - instabot version: 0.117.0 (api) - DEBUG - GET to endpoint: direct_v2/inbox/?visual_message_return_type=unseen&persistentBadging=true&limit=0 returned response: <Response [200]>
2021-10-17 15:03:43,447 - instabot version: 0.117.0 (api) - DEBUG - GET to endpoint: discover/topical_explore/?is_prefetch=true&omit_cover_media=true&use_sectional_payload=true&timezone_offset=0&session_id=53d08369-8761-4ff7-97ef-d9d220706fee&include_fixed_destinations=true returned response: <Response [200]>
2021-10-17 15:03:43,791 - instabot version: 0.117.0 (api) - DEBUG - POST to endpoint: notifications/badge/ returned response: <Response [200]>
2021-10-17 15:03:45,080 - instabot version: 0.117.0 (api) - DEBUG - POST to endpoint: qp/batch_fetch/ returned response: <Response [200]>
2021-10-17 15:03:45,081 - instabot version: 0.117.0 (bot_checkpoint) - DEBUG - Loading Checkpoint file from: /home/tomsmail/Documents/0SCHOOL/A-Level/Comp Sci/NEA/Code/config/tomsmailspythonbot.checkpoint
2021-10-17 15:03:45,630 - instabot version: 0.117.0 (api) - DEBUG - GET to endpoint: feed/user/48968267266/?max_id=&min_timestamp=None&rank_token=48968267266_36faa689-7cfd-4a76-bcf2-ce99a9c8510b&ranked_content=true returned response: <Response [200]>
2021-10-17 15:03:50,224 - instabot version: 0.117.0 (api) - DEBUG - GET to endpoint: media/2686525432363087784_48968267266/likers/? returned response: <Response [200]>
2021-10-17 15:03:50,531 - instabot version: 0.117.0 (api) - DEBUG - GET to endpoint: media/2686525432363087784_48968267266/comments/ returned response: <Response [200]>
2021-10-17 15:03:50,908 - instabot version: 0.117.0 (api) - DEBUG - GET to endpoint: feed/user/48968267266/?max_id=&min_timestamp=None&rank_token=48968267266_36faa689-7cfd-4a76-bcf2-ce99a9c8510b&ranked_content=true returned response: <Response [200]>
2021-10-17 15:03:51,251 - instabot version: 0.117.0 (api) - DEBUG - GET to endpoint: media/2681517545006016836_48968267266/likers/? returned response: <Response [200]>
2021-10-17 15:03:51,682 - instabot version: 0.117.0 (api) - DEBUG - GET to endpoint: media/2681517545006016836_48968267266/comments/ returned response: <Response [200]>
2021-10-17 15:03:52,062 - instabot version: 0.117.0 (api) - DEBUG - GET to endpoint: feed/user/48968267266/?max_id=&min_timestamp=None&rank_token=48968267266_36faa689-7cfd-4a76-bcf2-ce99a9c8510b&ranked_content=true returned response: <Response [200]>
2021-10-17 15:03:52,396 - instabot version: 0.117.0 (api) - DEBUG - GET to endpoint: media/2619165959470345559_48968267266/likers/? returned response: <Response [200]>
2021-10-17 15:03:52,737 - instabot version: 0.117.0 (api) - DEBUG - GET to endpoint: media/2619165959470345559_48968267266/comments/ returned response: <Response [200]>
2021-10-17 15:03:53,079 - instabot version: 0.117.0 (api) - DEBUG - GET to endpoint: feed/user/48968267266/?max_id=&min_timestamp=None&rank_token=48968267266_36faa689-7cfd-4a76-bcf2-ce99a9c8510b&ranked_content=true returned response: <Response [200]>
2021-10-17 15:03:53,555 - instabot version: 0.117.0 (api) - DEBUG - GET to endpoint: media/2619165839655721585_48968267266/likers/? returned response: <Response [200]>
2021-10-17 15:03:53,868 - instabot version: 0.117.0 (api) - DEBUG - GET to endpoint: media/2619165839655721585_48968267266/comments/ returned response: <Response [200]>
2021-10-17 15:03:54,226 - instabot version: 0.117.0 (api) - DEBUG - GET to endpoint: feed/user/48968267266/?max_id=&min_timestamp=None&rank_token=48968267266_36faa689-7cfd-4a76-bcf2-ce99a9c8510b&ranked_content=true returned response: <Response [200]>
2021-10-17 15:03:54,550 - instabot version: 0.117.0 (api) - DEBUG - GET to endpoint: media/2619035903389342654_48968267266/likers/? returned response: <Response [200]>
2021-10-17 15:03:54,824 - instabot version: 0.117.0 (api) - DEBUG - GET to endpoint: media/2619035903389342654_48968267266/comments/ returned response: <Response [200]>
2021-10-17 15:03:55,257 - instabot version: 0.117.0 (api) - DEBUG - GET to endpoint: feed/user/48968267266/?max_id=&min_timestamp=None&rank_token=48968267266_36faa689-7cfd-4a76-bcf2-ce99a9c8510b&ranked_content=true returned response: <Response [200]>
2021-10-17 15:03:56,045 - instabot version: 0.117.0 (bot_checkpoint) - DEBUG - Saving Checkpoint file to: /home/tomsmail/Documents/0SCHOOL/A-Level/Comp Sci/NEA/Code/config/tomsmailspythonbot.checkpoint
2021-10-17 15:03:56,045 - instabot version: 0.117.0 (bot) - INFO - Total requests: 815
